{"/home/hamzah/401-whiteboard-backend-2/server.js": {"path":"/home/hamzah/401-whiteboard-backend-2/server.js","statementMap":{"0":{"start":{"line":3,"column":16},"end":{"line":3,"column":34}},"1":{"start":{"line":4,"column":13},"end":{"line":4,"column":28}},"2":{"start":{"line":5,"column":12},"end":{"line":5,"column":21}},"3":{"start":{"line":6,"column":0},"end":{"line":6,"column":16}},"4":{"start":{"line":7,"column":0},"end":{"line":7,"column":24}},"5":{"start":{"line":8,"column":11},"end":{"line":8,"column":42}},"6":{"start":{"line":9,"column":19},"end":{"line":9,"column":50}},"7":{"start":{"line":13,"column":0},"end":{"line":13,"column":20}},"8":{"start":{"line":15,"column":0},"end":{"line":20,"column":2}},"9":{"start":{"line":16,"column":2},"end":{"line":19,"column":4}},"10":{"start":{"line":21,"column":0},"end":{"line":24,"column":3}},"11":{"start":{"line":23,"column":2},"end":{"line":23,"column":32}},"12":{"start":{"line":26,"column":2},"end":{"line":26,"column":71}},"13":{"start":{"line":26,"column":25},"end":{"line":26,"column":69}},"14":{"start":{"line":29,"column":0},"end":{"line":32,"column":2}}},"fnMap":{"0":{"name":"(anonymous_0)","decl":{"start":{"line":15,"column":13},"end":{"line":15,"column":14}},"loc":{"start":{"line":15,"column":27},"end":{"line":20,"column":1}},"line":15},"1":{"name":"(anonymous_1)","decl":{"start":{"line":21,"column":12},"end":{"line":21,"column":13}},"loc":{"start":{"line":21,"column":23},"end":{"line":24,"column":1}},"line":21},"2":{"name":"start","decl":{"start":{"line":25,"column":9},"end":{"line":25,"column":14}},"loc":{"start":{"line":25,"column":21},"end":{"line":27,"column":1}},"line":25},"3":{"name":"(anonymous_3)","decl":{"start":{"line":26,"column":19},"end":{"line":26,"column":20}},"loc":{"start":{"line":26,"column":25},"end":{"line":26,"column":69}},"line":26}},"branchMap":{},"s":{"0":2,"1":2,"2":2,"3":2,"4":2,"5":2,"6":2,"7":2,"8":2,"9":1,"10":2,"11":4,"12":0,"13":0,"14":2},"f":{"0":1,"1":4,"2":0,"3":0},"b":{},"_coverageSchema":"1a1c01bbd47fc00a2c39e90264f33305004495a9","hash":"cf2da5d9d31a4d896e783a98f1546fa3a2e4a0f7"}
,"/home/hamzah/401-whiteboard-backend-2/error-handlers/400.js": {"path":"/home/hamzah/401-whiteboard-backend-2/error-handlers/400.js","statementMap":{"0":{"start":{"line":3,"column":0},"end":{"line":10,"column":1}},"1":{"start":{"line":4,"column":2},"end":{"line":9,"column":3}},"2":{"start":{"line":5,"column":4},"end":{"line":8,"column":7}}},"fnMap":{"0":{"name":"(anonymous_0)","decl":{"start":{"line":3,"column":17},"end":{"line":3,"column":18}},"loc":{"start":{"line":3,"column":41},"end":{"line":10,"column":1}},"line":3}},"branchMap":{"0":{"loc":{"start":{"line":4,"column":2},"end":{"line":9,"column":3}},"type":"if","locations":[{"start":{"line":4,"column":2},"end":{"line":9,"column":3}},{"start":{},"end":{}}],"line":4}},"s":{"0":2,"1":4,"2":4},"f":{"0":4},"b":{"0":[4,0]},"_coverageSchema":"1a1c01bbd47fc00a2c39e90264f33305004495a9","hash":"ec9f4393534e98048bcfb004c3265591bf2b8c33"}
,"/home/hamzah/401-whiteboard-backend-2/error-handlers/500.js": {"path":"/home/hamzah/401-whiteboard-backend-2/error-handlers/500.js","statementMap":{"0":{"start":{"line":3,"column":17},"end":{"line":3,"column":44}},"1":{"start":{"line":5,"column":0},"end":{"line":18,"column":2}},"2":{"start":{"line":6,"column":15},"end":{"line":6,"column":25}},"3":{"start":{"line":8,"column":20},"end":{"line":10,"column":4}},"4":{"start":{"line":12,"column":2},"end":{"line":17,"column":14}},"5":{"start":{"line":13,"column":4},"end":{"line":16,"column":7}},"6":{"start":{"line":17,"column":7},"end":{"line":17,"column":14}}},"fnMap":{"0":{"name":"(anonymous_0)","decl":{"start":{"line":5,"column":17},"end":{"line":5,"column":18}},"loc":{"start":{"line":5,"column":43},"end":{"line":18,"column":1}},"line":5}},"branchMap":{"0":{"loc":{"start":{"line":12,"column":2},"end":{"line":17,"column":14}},"type":"if","locations":[{"start":{"line":12,"column":2},"end":{"line":17,"column":14}},{"start":{"line":17,"column":7},"end":{"line":17,"column":14}}],"line":12}},"s":{"0":2,"1":2,"2":2,"3":2,"4":2,"5":1,"6":1},"f":{"0":2},"b":{"0":[1,1]},"_coverageSchema":"1a1c01bbd47fc00a2c39e90264f33305004495a9","hash":"f63b003b39678fedb13135553d994b119778ab58"}
,"/home/hamzah/401-whiteboard-backend-2/modules/index.js": {"path":"/home/hamzah/401-whiteboard-backend-2/modules/index.js","statementMap":{"0":{"start":{"line":4,"column":33},"end":{"line":4,"column":53}},"1":{"start":{"line":6,"column":13},"end":{"line":6,"column":36}},"2":{"start":{"line":8,"column":0},"end":{"line":8,"column":27}},"3":{"start":{"line":10,"column":21},"end":{"line":10,"column":45}},"4":{"start":{"line":12,"column":24},"end":{"line":19,"column":1}},"5":{"start":{"line":22,"column":16},"end":{"line":22,"column":60}},"6":{"start":{"line":24,"column":0},"end":{"line":27,"column":2}}},"fnMap":{},"branchMap":{},"s":{"0":2,"1":2,"2":2,"3":2,"4":2,"5":2,"6":2},"f":{},"b":{},"_coverageSchema":"1a1c01bbd47fc00a2c39e90264f33305004495a9","hash":"6e0fc03a7aac27a6d6f895ce9c2771a8f3be7914"}
,"/home/hamzah/401-whiteboard-backend-2/modules/post.model.js": {"path":"/home/hamzah/401-whiteboard-backend-2/modules/post.model.js","statementMap":{"0":{"start":{"line":4,"column":11},"end":{"line":14,"column":2}},"1":{"start":{"line":4,"column":35},"end":{"line":14,"column":2}},"2":{"start":{"line":17,"column":0},"end":{"line":17,"column":20}}},"fnMap":{"0":{"name":"(anonymous_0)","decl":{"start":{"line":4,"column":11},"end":{"line":4,"column":12}},"loc":{"start":{"line":4,"column":35},"end":{"line":14,"column":2}},"line":4}},"branchMap":{},"s":{"0":2,"1":2,"2":2},"f":{"0":2},"b":{},"_coverageSchema":"1a1c01bbd47fc00a2c39e90264f33305004495a9","hash":"beecf1d7364a94275469ac6b9ffad4a69e1f27ca"}
,"/home/hamzah/401-whiteboard-backend-2/routes/post.routes.js": {"path":"/home/hamzah/401-whiteboard-backend-2/routes/post.routes.js","statementMap":{"0":{"start":{"line":3,"column":16},"end":{"line":3,"column":34}},"1":{"start":{"line":4,"column":15},"end":{"line":4,"column":31}},"2":{"start":{"line":5,"column":12},"end":{"line":5,"column":44}},"3":{"start":{"line":13,"column":4},"end":{"line":13,"column":27}},"4":{"start":{"line":20,"column":0},"end":{"line":20,"column":28}},"5":{"start":{"line":21,"column":0},"end":{"line":21,"column":35}},"6":{"start":{"line":22,"column":0},"end":{"line":22,"column":38}},"7":{"start":{"line":23,"column":0},"end":{"line":23,"column":41}},"8":{"start":{"line":24,"column":0},"end":{"line":24,"column":35}},"9":{"start":{"line":26,"column":0},"end":{"line":26,"column":24}}},"fnMap":{},"branchMap":{},"s":{"0":2,"1":2,"2":2,"3":2,"4":2,"5":2,"6":2,"7":2,"8":2,"9":2},"f":{},"b":{},"_coverageSchema":"1a1c01bbd47fc00a2c39e90264f33305004495a9","hash":"78e2b57bd5f334f4bc9118cbd0ef83c4c9ba4feb"}
,"/home/hamzah/401-whiteboard-backend-2/routes/postRoutes.js": {"path":"/home/hamzah/401-whiteboard-backend-2/routes/postRoutes.js","statementMap":{"0":{"start":{"line":2,"column":15},"end":{"line":2,"column":42}},"1":{"start":{"line":7,"column":15},"end":{"line":7,"column":35}},"2":{"start":{"line":8,"column":4},"end":{"line":10,"column":6}},"3":{"start":{"line":14,"column":15},"end":{"line":14,"column":23}},"4":{"start":{"line":15,"column":18},"end":{"line":15,"column":41}},"5":{"start":{"line":16,"column":4},"end":{"line":16,"column":34}},"6":{"start":{"line":21,"column":13},"end":{"line":21,"column":26}},"7":{"start":{"line":22,"column":16},"end":{"line":24,"column":6}},"8":{"start":{"line":25,"column":4},"end":{"line":25,"column":33}},"9":{"start":{"line":30,"column":13},"end":{"line":30,"column":26}},"10":{"start":{"line":31,"column":15},"end":{"line":33,"column":6}},"11":{"start":{"line":34,"column":4},"end":{"line":34,"column":31}},"12":{"start":{"line":38,"column":14},"end":{"line":38,"column":27}},"13":{"start":{"line":39,"column":21},"end":{"line":39,"column":29}},"14":{"start":{"line":40,"column":17},"end":{"line":42,"column":6}},"15":{"start":{"line":43,"column":18},"end":{"line":43,"column":49}},"16":{"start":{"line":44,"column":4},"end":{"line":44,"column":33}},"17":{"start":{"line":47,"column":0},"end":{"line":53,"column":1}}},"fnMap":{"0":{"name":"getPost","decl":{"start":{"line":6,"column":15},"end":{"line":6,"column":22}},"loc":{"start":{"line":6,"column":31},"end":{"line":11,"column":1}},"line":6},"1":{"name":"createNewPost","decl":{"start":{"line":13,"column":15},"end":{"line":13,"column":28}},"loc":{"start":{"line":13,"column":37},"end":{"line":17,"column":1}},"line":13},"2":{"name":"deletPost","decl":{"start":{"line":20,"column":15},"end":{"line":20,"column":24}},"loc":{"start":{"line":20,"column":33},"end":{"line":27,"column":1}},"line":20},"3":{"name":"selectPost","decl":{"start":{"line":29,"column":15},"end":{"line":29,"column":25}},"loc":{"start":{"line":29,"column":34},"end":{"line":35,"column":1}},"line":29},"4":{"name":"updatePost","decl":{"start":{"line":37,"column":15},"end":{"line":37,"column":25}},"loc":{"start":{"line":37,"column":34},"end":{"line":45,"column":1}},"line":37}},"branchMap":{},"s":{"0":2,"1":1,"2":1,"3":1,"4":1,"5":1,"6":1,"7":1,"8":1,"9":1,"10":1,"11":1,"12":1,"13":1,"14":1,"15":1,"16":1,"17":2},"f":{"0":1,"1":1,"2":1,"3":1,"4":1},"b":{},"_coverageSchema":"1a1c01bbd47fc00a2c39e90264f33305004495a9","hash":"7434a9cc7cb60e51ea518ec6bf89f28f3b8d1ca9"}
}
