{"/home/hamzah/401-whiteboard-backend-2/server.js": {"path":"/home/hamzah/401-whiteboard-backend-2/server.js","statementMap":{"0":{"start":{"line":3,"column":16},"end":{"line":3,"column":34}},"1":{"start":{"line":4,"column":13},"end":{"line":4,"column":28}},"2":{"start":{"line":5,"column":12},"end":{"line":5,"column":21}},"3":{"start":{"line":6,"column":0},"end":{"line":6,"column":16}},"4":{"start":{"line":7,"column":0},"end":{"line":7,"column":24}},"5":{"start":{"line":8,"column":13},"end":{"line":8,"column":44}},"6":{"start":{"line":9,"column":19},"end":{"line":9,"column":50}},"7":{"start":{"line":10,"column":20},"end":{"line":10,"column":53}},"8":{"start":{"line":11,"column":17},"end":{"line":11,"column":47}},"9":{"start":{"line":14,"column":0},"end":{"line":14,"column":20}},"10":{"start":{"line":15,"column":0},"end":{"line":15,"column":23}},"11":{"start":{"line":16,"column":0},"end":{"line":16,"column":20}},"12":{"start":{"line":17,"column":0},"end":{"line":22,"column":3}},"13":{"start":{"line":18,"column":2},"end":{"line":21,"column":4}},"14":{"start":{"line":23,"column":0},"end":{"line":26,"column":3}},"15":{"start":{"line":25,"column":2},"end":{"line":25,"column":34}},"16":{"start":{"line":28,"column":2},"end":{"line":28,"column":71}},"17":{"start":{"line":28,"column":25},"end":{"line":28,"column":69}},"18":{"start":{"line":31,"column":0},"end":{"line":34,"column":2}}},"fnMap":{"0":{"name":"(anonymous_0)","decl":{"start":{"line":17,"column":13},"end":{"line":17,"column":14}},"loc":{"start":{"line":17,"column":27},"end":{"line":22,"column":1}},"line":17},"1":{"name":"(anonymous_1)","decl":{"start":{"line":23,"column":13},"end":{"line":23,"column":14}},"loc":{"start":{"line":23,"column":27},"end":{"line":26,"column":1}},"line":23},"2":{"name":"start","decl":{"start":{"line":27,"column":9},"end":{"line":27,"column":14}},"loc":{"start":{"line":27,"column":21},"end":{"line":29,"column":1}},"line":27},"3":{"name":"(anonymous_3)","decl":{"start":{"line":28,"column":19},"end":{"line":28,"column":20}},"loc":{"start":{"line":28,"column":25},"end":{"line":28,"column":69}},"line":28}},"branchMap":{},"s":{"0":2,"1":2,"2":2,"3":2,"4":2,"5":2,"6":2,"7":2,"8":2,"9":2,"10":2,"11":2,"12":2,"13":1,"14":2,"15":2,"16":0,"17":0,"18":2},"f":{"0":1,"1":2,"2":0,"3":0},"b":{},"_coverageSchema":"1a1c01bbd47fc00a2c39e90264f33305004495a9","hash":"e2dc985922c6addc7df2f319983a2a42970868e2"}
,"/home/hamzah/401-whiteboard-backend-2/collections/user-comment-routes.js": {"path":"/home/hamzah/401-whiteboard-backend-2/collections/user-comment-routes.js","statementMap":{"0":{"start":{"line":6,"column":8},"end":{"line":6,"column":25}},"1":{"start":{"line":63,"column":0},"end":{"line":63,"column":27}}},"fnMap":{"0":{"name":"(anonymous_0)","decl":{"start":{"line":5,"column":4},"end":{"line":5,"column":5}},"loc":{"start":{"line":5,"column":22},"end":{"line":7,"column":5}},"line":5}},"branchMap":{},"s":{"0":4,"1":2},"f":{"0":4},"b":{},"_coverageSchema":"1a1c01bbd47fc00a2c39e90264f33305004495a9","hash":"51ad41e9c00e6dfbdcd56876428376e23b4a5cdb"}
,"/home/hamzah/401-whiteboard-backend-2/error-handlers/400.js": {"path":"/home/hamzah/401-whiteboard-backend-2/error-handlers/400.js","statementMap":{"0":{"start":{"line":3,"column":0},"end":{"line":10,"column":1}},"1":{"start":{"line":4,"column":2},"end":{"line":9,"column":3}},"2":{"start":{"line":5,"column":4},"end":{"line":8,"column":7}}},"fnMap":{"0":{"name":"(anonymous_0)","decl":{"start":{"line":3,"column":17},"end":{"line":3,"column":18}},"loc":{"start":{"line":3,"column":41},"end":{"line":10,"column":1}},"line":3}},"branchMap":{"0":{"loc":{"start":{"line":4,"column":2},"end":{"line":9,"column":3}},"type":"if","locations":[{"start":{"line":4,"column":2},"end":{"line":9,"column":3}},{"start":{},"end":{}}],"line":4}},"s":{"0":2,"1":2,"2":2},"f":{"0":2},"b":{"0":[2,0]},"_coverageSchema":"1a1c01bbd47fc00a2c39e90264f33305004495a9","hash":"ec9f4393534e98048bcfb004c3265591bf2b8c33"}
,"/home/hamzah/401-whiteboard-backend-2/error-handlers/500.js": {"path":"/home/hamzah/401-whiteboard-backend-2/error-handlers/500.js","statementMap":{"0":{"start":{"line":3,"column":17},"end":{"line":3,"column":44}},"1":{"start":{"line":5,"column":0},"end":{"line":15,"column":2}},"2":{"start":{"line":6,"column":15},"end":{"line":6,"column":25}},"3":{"start":{"line":8,"column":20},"end":{"line":8,"column":39}},"4":{"start":{"line":9,"column":2},"end":{"line":14,"column":14}},"5":{"start":{"line":10,"column":4},"end":{"line":13,"column":7}},"6":{"start":{"line":14,"column":7},"end":{"line":14,"column":14}}},"fnMap":{"0":{"name":"(anonymous_0)","decl":{"start":{"line":5,"column":17},"end":{"line":5,"column":18}},"loc":{"start":{"line":5,"column":43},"end":{"line":15,"column":1}},"line":5}},"branchMap":{"0":{"loc":{"start":{"line":9,"column":2},"end":{"line":14,"column":14}},"type":"if","locations":[{"start":{"line":9,"column":2},"end":{"line":14,"column":14}},{"start":{"line":14,"column":7},"end":{"line":14,"column":14}}],"line":9}},"s":{"0":2,"1":2,"2":1,"3":1,"4":1,"5":1,"6":0},"f":{"0":1},"b":{"0":[1,0]},"_coverageSchema":"1a1c01bbd47fc00a2c39e90264f33305004495a9","hash":"91a35c34dead181a43df109004909f32ec8c5e3c"}
,"/home/hamzah/401-whiteboard-backend-2/middlewares/bearerAuth.js": {"path":"/home/hamzah/401-whiteboard-backend-2/middlewares/bearerAuth.js","statementMap":{"0":{"start":{"line":3,"column":22},"end":{"line":3,"column":49}}},"fnMap":{},"branchMap":{},"s":{"0":2},"f":{},"b":{},"_coverageSchema":"1a1c01bbd47fc00a2c39e90264f33305004495a9","hash":"c8ce383170eee6ddf6b7e4a17dda4460d91dc3d2"}
,"/home/hamzah/401-whiteboard-backend-2/middlewares/userAuth.js": {"path":"/home/hamzah/401-whiteboard-backend-2/middlewares/userAuth.js","statementMap":{"0":{"start":{"line":4,"column":18},"end":{"line":4,"column":45}},"1":{"start":{"line":28,"column":0},"end":{"line":30,"column":1}}},"fnMap":{},"branchMap":{},"s":{"0":2,"1":2},"f":{},"b":{},"_coverageSchema":"1a1c01bbd47fc00a2c39e90264f33305004495a9","hash":"27c01226904fdff3cb993c465d8beee388208c2c"}
,"/home/hamzah/401-whiteboard-backend-2/modules/comment.model.js": {"path":"/home/hamzah/401-whiteboard-backend-2/modules/comment.model.js","statementMap":{"0":{"start":{"line":3,"column":14},"end":{"line":27,"column":2}},"1":{"start":{"line":3,"column":38},"end":{"line":27,"column":2}},"2":{"start":{"line":30,"column":0},"end":{"line":30,"column":23}}},"fnMap":{"0":{"name":"(anonymous_0)","decl":{"start":{"line":3,"column":14},"end":{"line":3,"column":15}},"loc":{"start":{"line":3,"column":38},"end":{"line":27,"column":2}},"line":3}},"branchMap":{},"s":{"0":2,"1":2,"2":2},"f":{"0":2},"b":{},"_coverageSchema":"1a1c01bbd47fc00a2c39e90264f33305004495a9","hash":"9e57477f545454c3f3893f0f1f964a3f88d3d9af"}
,"/home/hamzah/401-whiteboard-backend-2/modules/index.js": {"path":"/home/hamzah/401-whiteboard-backend-2/modules/index.js","statementMap":{"0":{"start":{"line":4,"column":33},"end":{"line":4,"column":53}},"1":{"start":{"line":6,"column":13},"end":{"line":6,"column":36}},"2":{"start":{"line":7,"column":14},"end":{"line":7,"column":40}},"3":{"start":{"line":8,"column":12},"end":{"line":8,"column":35}},"4":{"start":{"line":9,"column":18},"end":{"line":9,"column":63}},"5":{"start":{"line":15,"column":0},"end":{"line":15,"column":27}},"6":{"start":{"line":17,"column":21},"end":{"line":17,"column":45}},"7":{"start":{"line":19,"column":24},"end":{"line":26,"column":1}},"8":{"start":{"line":30,"column":16},"end":{"line":30,"column":60}},"9":{"start":{"line":31,"column":16},"end":{"line":31,"column":42}},"10":{"start":{"line":32,"column":19},"end":{"line":32,"column":48}},"11":{"start":{"line":33,"column":16},"end":{"line":33,"column":42}},"12":{"start":{"line":36,"column":0},"end":{"line":40,"column":3}},"13":{"start":{"line":37,"column":2},"end":{"line":37,"column":48}},"14":{"start":{"line":39,"column":2},"end":{"line":39,"column":18}},"15":{"start":{"line":43,"column":0},"end":{"line":43,"column":70}},"16":{"start":{"line":44,"column":0},"end":{"line":44,"column":72}},"17":{"start":{"line":46,"column":0},"end":{"line":46,"column":70}},"18":{"start":{"line":47,"column":0},"end":{"line":47,"column":72}},"19":{"start":{"line":50,"column":21},"end":{"line":50,"column":47}},"20":{"start":{"line":51,"column":24},"end":{"line":51,"column":53}},"21":{"start":{"line":53,"column":0},"end":{"line":59,"column":1}}},"fnMap":{"0":{"name":"(anonymous_0)","decl":{"start":{"line":36,"column":30},"end":{"line":36,"column":31}},"loc":{"start":{"line":36,"column":36},"end":{"line":38,"column":1}},"line":36},"1":{"name":"(anonymous_1)","decl":{"start":{"line":38,"column":9},"end":{"line":38,"column":10}},"loc":{"start":{"line":38,"column":18},"end":{"line":40,"column":1}},"line":38}},"branchMap":{},"s":{"0":2,"1":2,"2":2,"3":2,"4":2,"5":2,"6":2,"7":2,"8":2,"9":2,"10":2,"11":2,"12":2,"13":2,"14":0,"15":2,"16":2,"17":2,"18":2,"19":2,"20":2,"21":2},"f":{"0":2,"1":0},"b":{},"_coverageSchema":"1a1c01bbd47fc00a2c39e90264f33305004495a9","hash":"138245462afe9876550d45b588e2d463b82ad448"}
,"/home/hamzah/401-whiteboard-backend-2/modules/post.model.js": {"path":"/home/hamzah/401-whiteboard-backend-2/modules/post.model.js","statementMap":{"0":{"start":{"line":4,"column":13},"end":{"line":14,"column":2}},"1":{"start":{"line":4,"column":39},"end":{"line":14,"column":2}},"2":{"start":{"line":17,"column":0},"end":{"line":17,"column":22}}},"fnMap":{"0":{"name":"(anonymous_0)","decl":{"start":{"line":4,"column":13},"end":{"line":4,"column":14}},"loc":{"start":{"line":4,"column":39},"end":{"line":14,"column":2}},"line":4}},"branchMap":{},"s":{"0":2,"1":2,"2":2},"f":{"0":2},"b":{},"_coverageSchema":"1a1c01bbd47fc00a2c39e90264f33305004495a9","hash":"8d907f845752dc5353cd833176b15934af016463"}
,"/home/hamzah/401-whiteboard-backend-2/modules/user.model.js": {"path":"/home/hamzah/401-whiteboard-backend-2/modules/user.model.js","statementMap":{"0":{"start":{"line":2,"column":11},"end":{"line":2,"column":34}}},"fnMap":{},"branchMap":{},"s":{"0":2},"f":{},"b":{},"_coverageSchema":"1a1c01bbd47fc00a2c39e90264f33305004495a9","hash":"8da2c69e0dc475b05132128a43bdf88e9eadc324"}
,"/home/hamzah/401-whiteboard-backend-2/routes/comment.route.js": {"path":"/home/hamzah/401-whiteboard-backend-2/routes/comment.route.js","statementMap":{"0":{"start":{"line":4,"column":16},"end":{"line":4,"column":34}},"1":{"start":{"line":5,"column":14},"end":{"line":5,"column":30}},"2":{"start":{"line":7,"column":41},"end":{"line":7,"column":68}},"3":{"start":{"line":10,"column":0},"end":{"line":10,"column":38}},"4":{"start":{"line":11,"column":0},"end":{"line":11,"column":36}},"5":{"start":{"line":12,"column":0},"end":{"line":12,"column":41}},"6":{"start":{"line":13,"column":0},"end":{"line":13,"column":45}},"7":{"start":{"line":14,"column":0},"end":{"line":14,"column":36}},"8":{"start":{"line":15,"column":0},"end":{"line":15,"column":59}},"9":{"start":{"line":28,"column":4},"end":{"line":34,"column":1}},"10":{"start":{"line":29,"column":22},"end":{"line":29,"column":71}},"11":{"start":{"line":30,"column":4},"end":{"line":30,"column":33}},"12":{"start":{"line":33,"column":4},"end":{"line":33,"column":41}},"13":{"start":{"line":38,"column":19},"end":{"line":40,"column":6}},"14":{"start":{"line":41,"column":4},"end":{"line":41,"column":35}},"15":{"start":{"line":45,"column":21},"end":{"line":45,"column":29}},"16":{"start":{"line":46,"column":18},"end":{"line":46,"column":50}},"17":{"start":{"line":47,"column":4},"end":{"line":47,"column":34}},"18":{"start":{"line":50,"column":13},"end":{"line":50,"column":26}},"19":{"start":{"line":51,"column":18},"end":{"line":51,"column":26}},"20":{"start":{"line":52,"column":17},"end":{"line":52,"column":49}},"21":{"start":{"line":53,"column":4},"end":{"line":53,"column":33}},"22":{"start":{"line":56,"column":13},"end":{"line":56,"column":26}},"23":{"start":{"line":57,"column":17},"end":{"line":57,"column":41}},"24":{"start":{"line":58,"column":4},"end":{"line":60,"column":7}},"25":{"start":{"line":69,"column":0},"end":{"line":69,"column":22}}},"fnMap":{"0":{"name":"getUSer","decl":{"start":{"line":27,"column":15},"end":{"line":27,"column":22}},"loc":{"start":{"line":27,"column":31},"end":{"line":35,"column":1}},"line":27},"1":{"name":"getAllcomment","decl":{"start":{"line":37,"column":15},"end":{"line":37,"column":28}},"loc":{"start":{"line":37,"column":37},"end":{"line":42,"column":1}},"line":37},"2":{"name":"postComment","decl":{"start":{"line":44,"column":15},"end":{"line":44,"column":26}},"loc":{"start":{"line":44,"column":35},"end":{"line":48,"column":1}},"line":44},"3":{"name":"updateComment","decl":{"start":{"line":49,"column":15},"end":{"line":49,"column":28}},"loc":{"start":{"line":49,"column":37},"end":{"line":54,"column":1}},"line":49},"4":{"name":"deleteComment","decl":{"start":{"line":55,"column":15},"end":{"line":55,"column":28}},"loc":{"start":{"line":55,"column":37},"end":{"line":61,"column":1}},"line":55}},"branchMap":{},"s":{"0":2,"1":2,"2":2,"3":2,"4":2,"5":2,"6":2,"7":2,"8":2,"9":0,"10":0,"11":0,"12":0,"13":1,"14":1,"15":1,"16":1,"17":1,"18":1,"19":1,"20":1,"21":1,"22":1,"23":1,"24":1,"25":2},"f":{"0":0,"1":1,"2":1,"3":1,"4":1},"b":{},"_coverageSchema":"1a1c01bbd47fc00a2c39e90264f33305004495a9","hash":"a4070d8eb1cc649ddca95a769b0ead52fa2f1ff9"}
,"/home/hamzah/401-whiteboard-backend-2/routes/post.routes.js": {"path":"/home/hamzah/401-whiteboard-backend-2/routes/post.routes.js","statementMap":{"0":{"start":{"line":3,"column":16},"end":{"line":3,"column":34}},"1":{"start":{"line":4,"column":15},"end":{"line":4,"column":31}},"2":{"start":{"line":5,"column":12},"end":{"line":5,"column":44}},"3":{"start":{"line":6,"column":13},"end":{"line":6,"column":49}},"4":{"start":{"line":14,"column":4},"end":{"line":14,"column":27}},"5":{"start":{"line":21,"column":0},"end":{"line":21,"column":35}},"6":{"start":{"line":22,"column":0},"end":{"line":22,"column":47}},"7":{"start":{"line":23,"column":0},"end":{"line":23,"column":35}},"8":{"start":{"line":24,"column":0},"end":{"line":24,"column":38}},"9":{"start":{"line":25,"column":0},"end":{"line":25,"column":41}},"10":{"start":{"line":26,"column":0},"end":{"line":26,"column":35}},"11":{"start":{"line":28,"column":0},"end":{"line":28,"column":24}}},"fnMap":{},"branchMap":{},"s":{"0":2,"1":2,"2":2,"3":2,"4":2,"5":2,"6":2,"7":2,"8":2,"9":2,"10":2,"11":2},"f":{},"b":{},"_coverageSchema":"1a1c01bbd47fc00a2c39e90264f33305004495a9","hash":"95c026efc28b0d7a48b443b26bbbc00f48d03c48"}
,"/home/hamzah/401-whiteboard-backend-2/routes/postRoutes.js": {"path":"/home/hamzah/401-whiteboard-backend-2/routes/postRoutes.js","statementMap":{"0":{"start":{"line":2,"column":36},"end":{"line":2,"column":63}},"1":{"start":{"line":14,"column":15},"end":{"line":14,"column":23}},"2":{"start":{"line":15,"column":18},"end":{"line":15,"column":41}},"3":{"start":{"line":16,"column":4},"end":{"line":16,"column":34}},"4":{"start":{"line":21,"column":13},"end":{"line":21,"column":26}},"5":{"start":{"line":22,"column":16},"end":{"line":22,"column":37}},"6":{"start":{"line":23,"column":4},"end":{"line":23,"column":33}},"7":{"start":{"line":34,"column":14},"end":{"line":34,"column":27}},"8":{"start":{"line":35,"column":21},"end":{"line":35,"column":29}},"9":{"start":{"line":36,"column":18},"end":{"line":36,"column":51}},"10":{"start":{"line":37,"column":4},"end":{"line":37,"column":33}},"11":{"start":{"line":40,"column":19},"end":{"line":40,"column":56}},"12":{"start":{"line":41,"column":4},"end":{"line":41,"column":35}},"13":{"start":{"line":43,"column":0},"end":{"line":50,"column":1}}},"fnMap":{"0":{"name":"createNewPost","decl":{"start":{"line":13,"column":15},"end":{"line":13,"column":28}},"loc":{"start":{"line":13,"column":37},"end":{"line":17,"column":1}},"line":13},"1":{"name":"deletPost","decl":{"start":{"line":20,"column":15},"end":{"line":20,"column":24}},"loc":{"start":{"line":20,"column":33},"end":{"line":25,"column":1}},"line":20},"2":{"name":"updatePost","decl":{"start":{"line":33,"column":15},"end":{"line":33,"column":25}},"loc":{"start":{"line":33,"column":34},"end":{"line":38,"column":1}},"line":33},"3":{"name":"getPostComment","decl":{"start":{"line":39,"column":15},"end":{"line":39,"column":29}},"loc":{"start":{"line":39,"column":38},"end":{"line":42,"column":1}},"line":39}},"branchMap":{},"s":{"0":2,"1":1,"2":1,"3":1,"4":1,"5":1,"6":1,"7":1,"8":1,"9":1,"10":1,"11":1,"12":1,"13":2},"f":{"0":1,"1":1,"2":1,"3":1},"b":{},"_coverageSchema":"1a1c01bbd47fc00a2c39e90264f33305004495a9","hash":"62a5ac1b59a021d49e48b6e2bb9a410472e25772"}
,"/home/hamzah/401-whiteboard-backend-2/routes/user.route.js": {"path":"/home/hamzah/401-whiteboard-backend-2/routes/user.route.js","statementMap":{"0":{"start":{"line":3,"column":14},"end":{"line":3,"column":32}},"1":{"start":{"line":4,"column":13},"end":{"line":4,"column":30}},"2":{"start":{"line":5,"column":13},"end":{"line":5,"column":31}},"3":{"start":{"line":7,"column":13},"end":{"line":7,"column":29}},"4":{"start":{"line":9,"column":19},"end":{"line":9,"column":46}},"5":{"start":{"line":10,"column":19},"end":{"line":10,"column":53}},"6":{"start":{"line":15,"column":0},"end":{"line":15,"column":30}},"7":{"start":{"line":16,"column":0},"end":{"line":16,"column":41}},"8":{"start":{"line":17,"column":0},"end":{"line":17,"column":29}},"9":{"start":{"line":73,"column":0},"end":{"line":73,"column":22}}},"fnMap":{},"branchMap":{},"s":{"0":2,"1":2,"2":2,"3":2,"4":2,"5":2,"6":2,"7":2,"8":2,"9":2},"f":{},"b":{},"_coverageSchema":"1a1c01bbd47fc00a2c39e90264f33305004495a9","hash":"dd70d2b9afd9da8573277f6cdfc3c5ded78b757d"}
}
