TN:
SF:server.js
FN:18,(anonymous_0)
FN:24,(anonymous_1)
FN:28,start
FN:29,(anonymous_3)
FNF:4
FNH:2
FNDA:1,(anonymous_0)
FNDA:2,(anonymous_1)
FNDA:0,start
FNDA:0,(anonymous_3)
DA:3,2
DA:4,2
DA:5,2
DA:6,2
DA:7,2
DA:8,2
DA:9,2
DA:10,2
DA:11,2
DA:12,2
DA:15,2
DA:16,2
DA:17,2
DA:18,2
DA:19,1
DA:24,2
DA:26,2
DA:29,0
DA:32,2
LF:19
LH:18
BRF:0
BRH:0
end_of_record
TN:
SF:collections/user-comment-routes.js
FN:5,(anonymous_0)
FNF:1
FNH:1
FNDA:4,(anonymous_0)
DA:6,4
DA:63,2
LF:2
LH:2
BRF:0
BRH:0
end_of_record
TN:
SF:error-handlers/400.js
FN:3,(anonymous_0)
FNF:1
FNH:1
FNDA:2,(anonymous_0)
DA:3,2
DA:4,2
DA:5,2
LF:3
LH:3
BRDA:4,0,0,2
BRDA:4,0,1,0
BRF:2
BRH:1
end_of_record
TN:
SF:error-handlers/500.js
FN:5,(anonymous_0)
FNF:1
FNH:1
FNDA:2,(anonymous_0)
DA:3,2
DA:5,2
DA:6,2
DA:8,2
DA:9,2
DA:10,1
DA:14,1
LF:7
LH:7
BRDA:9,0,0,1
BRDA:9,0,1,1
BRF:2
BRH:2
end_of_record
TN:
SF:middlewares/userAuth.js
FNF:0
FNH:0
DA:4,2
DA:28,2
LF:2
LH:2
BRF:0
BRH:0
end_of_record
TN:
SF:modules/comment.model.js
FN:4,(anonymous_0)
FNF:1
FNH:1
FNDA:2,(anonymous_0)
DA:4,2
DA:21,2
LF:2
LH:2
BRF:0
BRH:0
end_of_record
TN:
SF:modules/index.js
FN:36,(anonymous_0)
FN:38,(anonymous_1)
FNF:2
FNH:1
FNDA:2,(anonymous_0)
FNDA:0,(anonymous_1)
DA:4,2
DA:6,2
DA:7,2
DA:8,2
DA:9,2
DA:15,2
DA:17,2
DA:19,2
DA:30,2
DA:31,2
DA:32,2
DA:33,2
DA:36,2
DA:37,2
DA:39,0
DA:44,2
DA:45,2
DA:46,2
DA:47,2
DA:49,2
LF:20
LH:19
BRF:0
BRH:0
end_of_record
TN:
SF:modules/post.model.js
FN:4,(anonymous_0)
FNF:1
FNH:1
FNDA:2,(anonymous_0)
DA:4,2
DA:17,2
LF:2
LH:2
BRF:0
BRH:0
end_of_record
TN:
SF:modules/user.model.js
FN:2,(anonymous_0)
FNF:1
FNH:1
FNDA:2,(anonymous_0)
DA:2,2
DA:20,2
LF:2
LH:2
BRF:0
BRH:0
end_of_record
TN:
SF:routes/comment.route.js
FN:14,getAllcomment
FN:19,postComment
FN:24,updateComment
FN:30,deleteComment
FNF:4
FNH:4
FNDA:1,getAllcomment
FNDA:1,postComment
FNDA:1,updateComment
FNDA:1,deleteComment
DA:4,2
DA:5,2
DA:7,2
DA:9,2
DA:10,2
DA:11,2
DA:12,2
DA:15,1
DA:16,1
DA:20,1
DA:21,1
DA:22,1
DA:25,1
DA:26,1
DA:27,1
DA:28,1
DA:31,1
DA:32,1
DA:33,1
DA:44,2
LF:20
LH:20
BRF:0
BRH:0
end_of_record
TN:
SF:routes/post.routes.js
FNF:0
FNH:0
DA:3,2
DA:4,2
DA:5,2
DA:13,2
DA:20,2
DA:21,2
DA:22,2
DA:23,2
DA:24,2
DA:25,2
DA:27,2
LF:11
LH:11
BRF:0
BRH:0
end_of_record
TN:
SF:routes/postRoutes.js
FN:6,getPost
FN:13,createNewPost
FN:20,deletPost
FN:27,selectPost
FN:33,updatePost
FN:39,getPostComment
FNF:6
FNH:6
FNDA:1,getPost
FNDA:1,createNewPost
FNDA:1,deletPost
FNDA:1,selectPost
FNDA:1,updatePost
FNDA:1,getPostComment
DA:2,2
DA:7,1
DA:8,1
DA:14,1
DA:15,1
DA:16,1
DA:21,1
DA:22,1
DA:23,1
DA:28,1
DA:29,1
DA:30,1
DA:34,1
DA:35,1
DA:36,1
DA:37,1
DA:40,1
DA:41,1
DA:43,2
LF:19
LH:19
BRF:0
BRH:0
end_of_record
TN:
SF:routes/user.route.js
FNF:0
FNH:0
DA:3,2
DA:4,2
DA:5,2
DA:7,2
DA:9,2
DA:10,2
DA:16,2
DA:17,2
DA:18,2
DA:72,2
LF:10
LH:10
BRF:0
BRH:0
end_of_record
